2023-11-22 01:19:04,639 INFO m.Zoo [main] The capacity of the aLong is of 50 customers
2023-11-22 01:19:04,641 INFO m.Employee [main] I can walk down the streets from the Zoo and also enter to only-employees rooms.
2023-11-22 01:19:04,641 INFO m.Employee [main] I can walk down the streets from the Zoo and also enter to only-employees rooms.
2023-11-22 01:19:04,641 INFO m.Employee [main] I can walk down the streets from the Zoo and also enter to only-employees rooms.
2023-11-22 01:19:04,642 INFO m.Customer [main] I can walk down the streets from the Zoo!
2023-11-22 01:19:04,642 INFO m.Customer [main] I can walk down the streets from the Zoo!
2023-11-22 01:19:04,642 INFO m.Person [main] I sleep in a bed, during the night!
2023-11-22 01:19:04,642 INFO m.Person [main] I sleep in a bed, during the night!
2023-11-22 01:19:04,642 INFO m.Bird [main] I like sleeping in branches from trees!
2023-11-22 01:19:04,643 INFO m.Bird [main] I like sleeping in branches from trees!
2023-11-22 01:19:04,643 INFO m.Person [main] I sleep in a bed, during the night!
2023-11-22 01:19:04,643 INFO com.solvd.animals_mvc.Main [main] There are 4 Animals
2023-11-22 01:19:04,645 INFO com.solvd.animals_mvc.Main [main] Insert two integer numbers
2023-11-22 01:19:04,645 INFO com.solvd.animals_mvc.Main [main] The result of the sum is 12
2023-11-22 01:19:04,646 ERROR com.solvd.animals_mvc.Main [main] Age cannot be negative
com.solvd.animals_mvc.exception.NegativeValueException: Age cannot be negative
	at com.solvd.animals_mvc.model.Person.setAge(Person.java:49) ~[classes/:?]
	at com.solvd.animals_mvc.Main.main(com.solvd.animals_mvc.Main.java:116) [classes/:?]
2023-11-22 01:19:04,655 INFO com.solvd.animals_mvc.Main [main] Current age of Louis is 40
2023-11-22 01:19:04,673 INFO com.solvd.animals_mvc.Main [main] There are 50 unique words
