2023-12-21 22:33:05,867 INFO c.s.a.d.j.i.ZooDAOImpl [main] Zoo entity was inserted with the ID:5
2023-12-21 22:33:05,873 INFO c.s.a.d.j.i.AnimalRoomDAOImpl [main] Animal Room entity was inserted with the ID:7
2023-12-21 22:33:05,876 INFO c.s.a.d.j.i.DepartmentDAOImpl [main] Department entity was inserted with the ID:8
2023-12-21 22:33:05,879 INFO c.s.a.d.j.i.AnimalRoomDAOImpl [main] Animal Room entity was inserted with the ID:8
2023-12-21 22:33:05,879 INFO c.s.a.s.AnimalRoomService [main] The animal rooms with capacity over 100 are:
2023-12-21 22:33:05,889 INFO j.u.s.ReferencePipeline$15$1 [main] AnimalRoom{name='Amphibians', capacity=170, zooId=5}
2023-12-21 22:33:05,890 INFO j.u.s.ReferencePipeline$15$1 [main] AnimalRoom{name='Birds', capacity=200, zooId=5}
2023-12-21 22:33:05,895 INFO c.s.a.d.j.i.DepartmentDAOImpl [main] Department entity was inserted with the ID:9
2023-12-21 22:33:05,897 INFO c.s.a.d.j.i.DepartmentDAOImpl [main] Get Department by ID 9: Department{name='Vet Department', zooId=5}
2023-12-21 22:33:05,897 INFO c.s.a.s.DepartmentService [main] The animal rooms within the same zoo as the department are:
2023-12-21 22:33:05,899 INFO j.u.s.ReferencePipeline$15$1 [main] AnimalRoom{name='Amphibians', capacity=170, zooId=5}
2023-12-21 22:33:05,899 INFO j.u.s.ReferencePipeline$15$1 [main] AnimalRoom{name='Birds', capacity=200, zooId=5}
2023-12-21 22:33:05,900 INFO c.s.a.s.ZooService [main] Departments from the zoo with id 5
2023-12-21 22:33:05,902 INFO c.s.a.s.ZooService [main] Animal Rooms from the zoo with id 5
2023-12-21 22:33:05,906 INFO c.s.a.d.j.i.ZooDAOImpl [main] Get Zoo by ID 5: Zoo{name='California Zoo', customerCapacity=1000}
2023-12-21 22:33:05,911 INFO c.s.a.d.j.i.DepartmentDAOImpl [main] Department entity with the data Department{name='Business Department', zooId=5} was removed
2023-12-21 22:33:05,914 INFO c.s.a.d.j.i.DepartmentDAOImpl [main] Department entity with the data Department{name='Vet Department', zooId=5} was removed
2023-12-21 22:33:05,918 INFO c.s.a.d.j.i.AnimalRoomDAOImpl [main] Animal Room entity with the data AnimalRoom{name='Amphibians', capacity=170, zooId=5} was removed
2023-12-21 22:33:05,923 INFO c.s.a.d.j.i.AnimalRoomDAOImpl [main] Animal Room entity with the data AnimalRoom{name='Birds', capacity=200, zooId=5} was removed
2023-12-21 22:33:05,925 INFO c.s.a.d.j.i.ZooDAOImpl [main] Zoo entity with the data Zoo{name='California Zoo', customerCapacity=1000} was removed
2023-12-21 22:33:05,926 INFO c.s.a.Main [main] 5
